This is pdfTeX, Version 3.1415926-2.3-1.40.12 (MiKTeX 2.9) (preloaded format=pdflatex 2018.9.18)  9 SEP 2020 10:47
entering extended mode
**The*3-extra*connectivity*of*Augmented*cubes.tex

("D:\GitKraken\The 3-extra connectivity of Augmented cubes\The 3-extra connecti
vity of Augmented cubes\The 3-extra connectivity of Augmented cubes.tex"
LaTeX2e <2011/06/27>
Babel <v3.8m> and hyphenation patterns for loaded.
("D:\Program Files(x86)\CTEX\MiKTeX\tex\latex\base\article.cls"
Document Class: article 2007/10/19 v1.4h Standard LaTeX document class
("D:\Program Files(x86)\CTEX\MiKTeX\tex\latex\base\size12.clo"
File: size12.clo 2007/10/19 v1.4h Standard LaTeX file (size option)
)
\c@part=\count79
\c@section=\count80
\c@subsection=\count81
\c@subsubsection=\count82
\c@paragraph=\count83
\c@subparagraph=\count84
\c@figure=\count85
\c@table=\count86
\abovecaptionskip=\skip41
\belowcaptionskip=\skip42
\bibindent=\dimen102
)
("D:\Program Files(x86)\CTEX\MiKTeX\tex\latex\ams\classes\amsthm.sty"
Package: amsthm 2004/08/06 v2.20
\thm@style=\toks14
\thm@bodyfont=\toks15
\thm@headfont=\toks16
\thm@notefont=\toks17
\thm@headpunct=\toks18
\thm@preskip=\skip43
\thm@postskip=\skip44
\thm@headsep=\skip45
\dth@everypar=\toks19
)
("D:\Program Files(x86)\CTEX\MiKTeX\tex\latex\ams\math\amsmath.sty"
Package: amsmath 2000/07/18 v2.13 AMS math features
\@mathmargin=\skip46

For additional information on amsmath, use the `?' option.
("D:\Program Files(x86)\CTEX\MiKTeX\tex\latex\ams\math\amstext.sty"
Package: amstext 2000/06/29 v2.01

("D:\Program Files(x86)\CTEX\MiKTeX\tex\latex\ams\math\amsgen.sty"
File: amsgen.sty 1999/11/30 v2.0
\@emptytoks=\toks20
\ex@=\dimen103
))
("D:\Program Files(x86)\CTEX\MiKTeX\tex\latex\ams\math\amsbsy.sty"
Package: amsbsy 1999/11/29 v1.2d
\pmbraise@=\dimen104
)
("D:\Program Files(x86)\CTEX\MiKTeX\tex\latex\ams\math\amsopn.sty"
Package: amsopn 1999/12/14 v2.01 operator names
)
\inf@bad=\count87
LaTeX Info: Redefining \frac on input line 211.
\uproot@=\count88
\leftroot@=\count89
LaTeX Info: Redefining \overline on input line 307.
\classnum@=\count90
\DOTSCASE@=\count91
LaTeX Info: Redefining \ldots on input line 379.
LaTeX Info: Redefining \dots on input line 382.
LaTeX Info: Redefining \cdots on input line 467.
\Mathstrutbox@=\box26
\strutbox@=\box27
\big@size=\dimen105
LaTeX Font Info:    Redeclaring font encoding OML on input line 567.
LaTeX Font Info:    Redeclaring font encoding OMS on input line 568.
\macc@depth=\count92
\c@MaxMatrixCols=\count93
\dotsspace@=\muskip10
\c@parentequation=\count94
\dspbrk@lvl=\count95
\tag@help=\toks21
\row@=\count96
\column@=\count97
\maxfields@=\count98
\andhelp@=\toks22
\eqnshift@=\dimen106
\alignsep@=\dimen107
\tagshift@=\dimen108
\tagwidth@=\dimen109
\totwidth@=\dimen110
\lineht@=\dimen111
\@envbody=\toks23
\multlinegap=\skip47
\multlinetaggap=\skip48
\mathdisplay@stack=\toks24
LaTeX Info: Redefining \[ on input line 2666.
LaTeX Info: Redefining \] on input line 2667.
)
("D:\Program Files(x86)\CTEX\MiKTeX\tex\latex\geometry\geometry.sty"
Package: geometry 2010/09/12 v5.6 Page Geometry

("D:\Program Files(x86)\CTEX\MiKTeX\tex\latex\graphics\keyval.sty"
Package: keyval 1999/03/16 v1.13 key=value parser (DPC)
\KV@toks@=\toks25
)
("D:\Program Files(x86)\CTEX\MiKTeX\tex\generic\oberdiek\ifpdf.sty"
Package: ifpdf 2011/01/30 v2.3 Provides the ifpdf switch (HO)
Package ifpdf Info: pdfTeX in PDF mode is detected.
)
("D:\Program Files(x86)\CTEX\MiKTeX\tex\generic\oberdiek\ifvtex.sty"
Package: ifvtex 2010/03/01 v1.5 Switches for detecting VTeX and its modes (HO)
Package ifvtex Info: VTeX not detected.
)
("D:\Program Files(x86)\CTEX\MiKTeX\tex\generic\ifxetex\ifxetex.sty"
Package: ifxetex 2010/09/12 v0.6 Provides ifxetex conditional
)
\Gm@cnth=\count99
\Gm@cntv=\count100
\c@Gm@tempcnt=\count101
\Gm@bindingoffset=\dimen112
\Gm@wd@mp=\dimen113
\Gm@odd@mp=\dimen114
\Gm@even@mp=\dimen115
\Gm@layoutwidth=\dimen116
\Gm@layoutheight=\dimen117
\Gm@layouthoffset=\dimen118
\Gm@layoutvoffset=\dimen119
\Gm@dimlist=\toks26

("D:\Program Files(x86)\CTEX\MiKTeX\tex\latex\geometry\geometry.cfg"))
("D:\Program Files(x86)\CTEX\MiKTeX\tex\latex\graphics\graphicx.sty"
Package: graphicx 1999/02/16 v1.0f Enhanced LaTeX Graphics (DPC,SPQR)

("D:\Program Files(x86)\CTEX\MiKTeX\tex\latex\graphics\graphics.sty"
Package: graphics 2009/02/05 v1.0o Standard LaTeX Graphics (DPC,SPQR)

("D:\Program Files(x86)\CTEX\MiKTeX\tex\latex\graphics\trig.sty"
Package: trig 1999/03/16 v1.09 sin cos tan (DPC)
)
("D:\Program Files(x86)\CTEX\MiKTeX\tex\latex\00miktex\graphics.cfg"
File: graphics.cfg 2007/01/18 v1.5 graphics configuration of teTeX/TeXLive
)
Package graphics Info: Driver file: pdftex.def on input line 91.

("D:\Program Files(x86)\CTEX\MiKTeX\tex\latex\pdftex-def\pdftex.def"
File: pdftex.def 2011/05/27 v0.06d Graphics/color for pdfTeX

("D:\Program Files(x86)\CTEX\MiKTeX\tex\generic\oberdiek\infwarerr.sty"
Package: infwarerr 2010/04/08 v1.3 Providing info/warning/message (HO)
)
("D:\Program Files(x86)\CTEX\MiKTeX\tex\generic\oberdiek\ltxcmds.sty"
Package: ltxcmds 2011/04/18 v1.20 LaTeX kernel commands for general use (HO)
)
\Gread@gobject=\count102
))
\Gin@req@height=\dimen120
\Gin@req@width=\dimen121
)
("D:\Program Files(x86)\CTEX\MiKTeX\tex\latex\oberdiek\epstopdf.sty"
Package: epstopdf 2010/02/09 v2.5 Conversion with epstopdf on the fly (HO)

("D:\Program Files(x86)\CTEX\MiKTeX\tex\latex\oberdiek\epstopdf-base.sty"
Package: epstopdf-base 2010/02/09 v2.5 Base part for package epstopdf

("D:\Program Files(x86)\CTEX\MiKTeX\tex\latex\oberdiek\grfext.sty"
Package: grfext 2010/08/19 v1.1 Managing graphics extensions (HO)

("D:\Program Files(x86)\CTEX\MiKTeX\tex\generic\oberdiek\kvdefinekeys.sty"
Package: kvdefinekeys 2011/04/07 v1.3 Defining keys (HO)
))
("D:\Program Files(x86)\CTEX\MiKTeX\tex\latex\oberdiek\kvoptions.sty"
Package: kvoptions 2010/12/23 v3.10 Keyval support for LaTeX options (HO)

("D:\Program Files(x86)\CTEX\MiKTeX\tex\generic\oberdiek\kvsetkeys.sty"
Package: kvsetkeys 2011/04/07 v1.13 Key value parser (HO)

("D:\Program Files(x86)\CTEX\MiKTeX\tex\generic\oberdiek\etexcmds.sty"
Package: etexcmds 2011/02/16 v1.5 Prefix for e-TeX command names (HO)

("D:\Program Files(x86)\CTEX\MiKTeX\tex\generic\oberdiek\ifluatex.sty"
Package: ifluatex 2010/03/01 v1.3 Provides the ifluatex switch (HO)
Package ifluatex Info: LuaTeX not detected.
)
Package etexcmds Info: Could not find \expanded.
(etexcmds)             That can mean that you are not using pdfTeX 1.50 or
(etexcmds)             that some package has redefined \expanded.
(etexcmds)             In the latter case, load this package earlier.
)))
("D:\Program Files(x86)\CTEX\MiKTeX\tex\generic\oberdiek\pdftexcmds.sty"
Package: pdftexcmds 2011/04/22 v0.16 Utilities of pdfTeX for LuaTeX (HO)
Package pdftexcmds Info: LuaTeX not detected.
Package pdftexcmds Info: \pdf@primitive is available.
Package pdftexcmds Info: \pdf@ifprimitive is available.
Package pdftexcmds Info: \pdfdraftmode found.
)
Package grfext Info: Graphics extension search list:
(grfext)             [.png,.pdf,.jpg,.mps,.jpeg,.jbig2,.jb2,.PNG,.PDF,.JPG,.JPE
G,.JBIG2,.JB2,.eps]
(grfext)             \AppendGraphicsExtensions on input line 452.
))
("D:\Program Files(x86)\CTEX\MiKTeX\tex\latex\graphics\color.sty"
Package: color 2005/11/14 v1.0j Standard LaTeX Color (DPC)

("D:\Program Files(x86)\CTEX\MiKTeX\tex\latex\00miktex\color.cfg"
File: color.cfg 2007/01/18 v1.5 color configuration of teTeX/TeXLive
)
Package color Info: Driver file: pdftex.def on input line 130.
)
("D:\Program Files(x86)\CTEX\MiKTeX\tex\latex\cite\cite.sty"
LaTeX Info: Redefining \cite on input line 302.
LaTeX Info: Redefining \nocite on input line 373.
Package: cite 2010/09/10  v 5.3
)
("D:\Program Files(x86)\CTEX\MiKTeX\tex\latex\subfigure\subfigure.sty"
Package: subfigure 2002/07/30 v2.1.4 subfigure package
\subfigtopskip=\skip49
\subfigcapskip=\skip50
\subfigcaptopadj=\dimen122
\subfigbottomskip=\skip51
\subfigcapmargin=\dimen123
\subfiglabelskip=\skip52
\c@subfigure=\count103
\c@lofdepth=\count104
\c@subtable=\count105
\c@lotdepth=\count106

****************************************
* Local config file subfigure.cfg used *
****************************************
("D:\Program Files(x86)\CTEX\MiKTeX\tex\latex\subfigure\subfigure.cfg")
\subfig@top=\skip53
\subfig@bottom=\skip54
)
\c@dfn=\count107
\c@thm=\count108
\c@lem=\count109
\c@prop=\count110

("D:\GitKraken\The 3-extra connectivity of Augmented cubes\The 3-extra connecti
vity of Augmented cubes\The 3-extra connectivity of Augmented cubes.aux"

LaTeX Warning: Label `3extra<=' multiply defined.

)
LaTeX Font Info:    Checking defaults for OML/cmm/m/it on input line 24.
LaTeX Font Info:    ... okay on input line 24.
LaTeX Font Info:    Checking defaults for T1/cmr/m/n on input line 24.
LaTeX Font Info:    ... okay on input line 24.
LaTeX Font Info:    Checking defaults for OT1/cmr/m/n on input line 24.
LaTeX Font Info:    ... okay on input line 24.
LaTeX Font Info:    Checking defaults for OMS/cmsy/m/n on input line 24.
LaTeX Font Info:    ... okay on input line 24.
LaTeX Font Info:    Checking defaults for OMX/cmex/m/n on input line 24.
LaTeX Font Info:    ... okay on input line 24.
LaTeX Font Info:    Checking defaults for U/cmr/m/n on input line 24.
LaTeX Font Info:    ... okay on input line 24.

*geometry* driver: auto-detecting
*geometry* detected driver: pdftex
*geometry* verbose mode - [ preamble ] result:
* driver: pdftex
* paper: <default>
* layout: <same size as paper>
* layoutoffset:(h,v)=(0.0pt,0.0pt)
* modes: 
* h-part:(L,W,R)=(56.9055pt, 500.484pt, 56.9055pt)
* v-part:(T,H,B)=(71.13188pt, 652.70622pt, 71.13188pt)
* \paperwidth=614.295pt
* \paperheight=794.96999pt
* \textwidth=500.484pt
* \textheight=652.70622pt
* \oddsidemargin=-15.36449pt
* \evensidemargin=-15.36449pt
* \topmargin=-38.1381pt
* \headheight=12.0pt
* \headsep=25.0pt
* \topskip=12.0pt
* \footskip=30.0pt
* \marginparwidth=44.0pt
* \marginparsep=10.0pt
* \columnsep=10.0pt
* \skip\footins=10.8pt plus 4.0pt minus 2.0pt
* \hoffset=0.0pt
* \voffset=0.0pt
* \mag=1000
* \@twocolumnfalse
* \@twosidefalse
* \@mparswitchfalse
* \@reversemarginfalse
* (1in=72.27pt=25.4mm, 1cm=28.453pt)

("D:\Program Files(x86)\CTEX\MiKTeX\tex\context\base\supp-pdf.mkii"
[Loading MPS to PDF converter (version 2006.09.02).]
\scratchcounter=\count111
\scratchdimen=\dimen124
\scratchbox=\box28
\nofMPsegments=\count112
\nofMParguments=\count113
\everyMPshowfont=\toks27
\MPscratchCnt=\count114
\MPscratchDim=\dimen125
\MPnumerator=\count115
\makeMPintoPDFobject=\count116
\everyMPtoPDFconversion=\toks28
) [1

{D:/Program Files(x86)/CTEX/UserData/pdftex/config/pdftex.map{Unicode.sfd}{UGBK
.sfd}}] [2]
("D:\GitKraken\The 3-extra connectivity of Augmented cubes\The 3-extra connecti
vity of Augmented cubes\The 3-extra connectivity of Augmented cubes.aux")

LaTeX Warning: There were multiply-defined labels.

 ) 
Here is how much of TeX's memory you used:
 2940 strings out of 495354
 41115 string characters out of 3182795
 106972 words of memory out of 3000000
 6070 multiletter control sequences out of 15000+200000
 10820 words of font info for 39 fonts, out of 3000000 for 9000
 14 hyphenation exceptions out of 8191
 42i,8n,24p,723b,180s stack positions out of 5000i,500n,10000p,200000b,50000s
<D:/Program Files(x86)/CTEX/MiKTeX/fonts/type1/public/amsfonts/cm/cmbx12.pfb>
<D:/Program Files(x86)/CTEX/MiKTeX/fonts/type1/public/amsfonts/cm/cmmi12.pfb><D
:/Program Files(x86)/CTEX/MiKTeX/fonts/type1/public/amsfonts/cm/cmmi6.pfb><D:/P
rogram Files(x86)/CTEX/MiKTeX/fonts/type1/public/amsfonts/cm/cmmi8.pfb><D:/Prog
ram Files(x86)/CTEX/MiKTeX/fonts/type1/public/amsfonts/cm/cmr10.pfb><D:/Program
 Files(x86)/CTEX/MiKTeX/fonts/type1/public/amsfonts/cm/cmr12.pfb><D:/Program Fi
les(x86)/CTEX/MiKTeX/fonts/type1/public/amsfonts/cm/cmr6.pfb><D:/Program Files(
x86)/CTEX/MiKTeX/fonts/type1/public/amsfonts/cm/cmr8.pfb><D:/Program Files(x86)
/CTEX/MiKTeX/fonts/type1/public/amsfonts/cm/cmsy10.pfb><D:/Program Files(x86)/C
TEX/MiKTeX/fonts/type1/public/amsfonts/cm/cmsy8.pfb><D:/Program Files(x86)/CTEX
/MiKTeX/fonts/type1/public/amsfonts/cm/cmti12.pfb>
Output written on "The 3-extra connectivity of Augmented cubes.pdf" (2 pages, 1
30468 bytes).
PDF statistics:
 53 PDF objects out of 1000 (max. 8388607)
 0 named destinations out of 1000 (max. 500000)
 1 words of extra memory for PDF output out of 10000 (max. 10000000)

